<?xml version="1.0" encoding="UTF-8"?>
<testsuite name="SimpleLinkedListTest" tests="7" skipped="0" failures="0" errors="0" timestamp="2023-06-27T04:32:42" hostname="LAPTOP-3ANQ172A" time="0.053">
  <properties/>
  <testcase name="canReturnListAsArray" classname="SimpleLinkedListTest" time="0.004"/>
  <testcase name="reverseReversesList" classname="SimpleLinkedListTest" time="0.046"/>
  <testcase name="canCreateFromArray" classname="SimpleLinkedListTest" time="0.001"/>
  <testcase name="canReturnEmptyListAsEmptyArray" classname="SimpleLinkedListTest" time="0.0"/>
  <testcase name="popOnEmptyListWillThrow" classname="SimpleLinkedListTest" time="0.001"/>
  <testcase name="popReturnsLastAddedElement" classname="SimpleLinkedListTest" time="0.0"/>
  <testcase name="aNewListIsEmpty" classname="SimpleLinkedListTest" time="0.0"/>
  <system-out><![CDATA[]]></system-out>
  <system-err><![CDATA[]]></system-err>
</testsuite>
